/*C126*/SET SCHEMA PUBLIC
alter table test add x datetime
ALTER TABLE TEST ADD T_TIME DATETIME
ALTER TABLE TEST DROP COLUMN XX
ALTER TABLE TEST DROP COLUMN X
INSERT INTO TEST VALUES(2,'  ','2015-01-11 19:12:10.960000')
COMMIT
/*C127*/SET SCHEMA PUBLIC
INSERT INTO BOOK VALUES('978-7-999-12344-5','\u79cb\u88e4\u96c6','','\u79cb\u88e4\u5148\u751f','','2015-01-11','','\u795e\u9a6c\u51fa\u7248\u793e',0.00,5.00,'')
COMMIT
DISCONNECT
/*C128*/SET SCHEMA PUBLIC
DISCONNECT
/*C129*/SET SCHEMA PUBLIC
DISCONNECT
/*C130*/SET SCHEMA PUBLIC
DISCONNECT
/*C131*/SET SCHEMA PUBLIC
DISCONNECT
/*C132*/SET SCHEMA PUBLIC
DISCONNECT
/*C133*/SET SCHEMA PUBLIC
DISCONNECT
/*C134*/SET SCHEMA PUBLIC
DISCONNECT
/*C135*/SET SCHEMA PUBLIC
DELETE FROM BOOK WHERE BISBN='978-7-115-14731-8'
INSERT INTO BOOK VALUES('978-7-115-14731-8','UNIX \u73af\u5883\u9ad8\u7ea7\u7f16\u7a0b','\u7b2c2\u7248','W. Richard Stevens,Stephen A. Rago','','2006-05-11','UNIX \u64cd\u4f5c\u7cfb\u7edf,\u7a0b\u5e8f\u8bbe\u8ba1','\u4eba\u6c11\u90ae\u7535\u51fa\u7248\u793e',70.00,99.00,'\u672c\u4e66\u662f\u88ab\u8a89\u4e3a UNIX \u7f16\u7a0b\u201c\u5723\u7ecf\u201d\u7684 Advanced Programming in the UNIX Environment \u4e00\u4e66\u7684\u66f4\u65b0\u7248\u3002\u5728\u672c\u4e66\u7b2c 1 \u7248\u51fa\u7248\u540e\u7684\u5341\u51e0\u5e74\u4e2d\uff0c UNIX \u884c\u4e1a\u5df2\u7ecf\u6709\u4e86\u5de8\u5927\u7684\u53d8\u5316\uff0c\u7279\u522b\u662f\u5f71\u54cdUNIX\u7f16\u7a0b\u63a5\u53e3\u7684\u6709\u5173\u6807\u51c6\u53d8\u5316\u5f88\u5927\u3002\u672c\u4e66\u5728\u4fdd\u6301\u4e86\u524d\u4e00\u7248\u98ce\u683c\u7684\u57fa\u7840\u4e0a\uff0c\u6839\u636e\u6700\u65b0\u7684\u6807\u51c6\u5bf9\u5185\u5bb9\u8fdb\u884c\u4e86\u4fee\u8ba2\u548c\u589e\u8865\uff0c\u53cd\u6620\u4e86\u6700\u65b0\u7684\u6280\u672f\u53d1\u5c55\u3002\u4e66\u4e2d\u9664\u4e86\u4ecb\u7ecd UNIX \u6587\u4ef6\u548c\u76ee\u5f55\u3001\u6807\u51c6 I/O \u5e93\u3001\u7cfb\u7edf\u6570\u636e\u6587\u4ef6\u548c\u4fe1\u606f\u3001\u8fdb\u7a0b\u73af\u5883\u3001\u8fdb\u7a0b\u63a7\u5236\u3001\u8fdb\u7a0b\u5173\u7cfb\u3001\u4fe1\u53f7\u3001\u7ebf\u7a0b\u3001\u7ebf\u7a0b\u63a7\u5236\u3001\u5b88\u62a4\u8fdb\u7a0b\u3001\u5404\u79cd I/O \u3001\u8fdb\u7a0b\u95f4\u901a\u4fe1\u3001\u7f51\u7edc IPC \u3001\u4f2a\u7ec8\u7aef\u7b49\u65b9\u9762\u7684\u5185\u5bb9\uff0c\u8fd8\u5728\u6b64\u57fa\u7840\u4e0a\u4ecb\u7ecd\u4e86\u591a\u4e2a\u5e94\u7528\u793a\u4f8b\uff0c\u5305\u62ec\u5982\u4f55\u521b\u5efa\u6570\u636e\u5e93\u51fd\u6570\u5e93\u4ee5\u53ca\u5982\u4f55\u4e0e\u7f51\u7edc\u6253\u5370\u673a\u901a\u4fe1\u7b49\u3002\u6b64\u5916\uff0c\u8fd8\u5728\u9644\u5f55\u4e2d\u7ed9\u51fa\u4e86\u51fd\u6570\u539f\u578b\u548c\u90e8\u5206\u4e60\u9898\u7684\u7b54\u6848\u3002')
COMMIT
DISCONNECT
/*C136*/SET SCHEMA PUBLIC
DISCONNECT
/*C137*/SET SCHEMA PUBLIC
DISCONNECT
/*C138*/SET SCHEMA PUBLIC
DISCONNECT
/*C139*/SET SCHEMA PUBLIC
INSERT INTO CUSTOMER VALUES(13,'454','','','2015-01-11',0,10,'544')
COMMIT
DELETE FROM CUSTOMER WHERE CID=13
COMMIT
DISCONNECT
/*C126*/DISCONNECT
